0 verbose cli /home/ubuntu/.nvm/versions/node/v18.20.5/bin/node /home/ubuntu/.nvm/versions/node/v18.20.5/bin/npm
1 info using npm@10.8.2
2 info using node@v18.20.5
3 silly config load:file:/home/ubuntu/.nvm/versions/node/v18.20.5/lib/node_modules/npm/npmrc
4 silly config load:file:/home/ubuntu/.npmrc
5 silly config load:file:/home/ubuntu/.nvm/versions/node/v18.20.5/etc/npmrc
6 verbose title npm install
7 verbose argv "install"
8 verbose logfile logs-max:10 dir:/home/ubuntu/.npm/_logs/2025-01-20T16_17_09_169Z-
9 verbose logfile /home/ubuntu/.npm/_logs/2025-01-20T16_17_09_169Z-debug-0.log
10 silly packumentCache heap:514588672 maxSize:128647168 maxEntrySize:64323584
11 silly logfile done cleaning log files
12 silly idealTree buildDeps
13 silly reify moves {}
14 verbose stack Error: Could not read package.json: Error: ENOENT: no such file or directory, open '/home/ubuntu/package.json'
15 error code ENOENT
16 error syscall open
17 error path /home/ubuntu/package.json
18 error errno -2
19 error enoent Could not read package.json: Error: ENOENT: no such file or directory, open '/home/ubuntu/package.json'
20 error enoent This is related to npm not being able to find a file.
20 error enoent
21 verbose cwd /home/ubuntu
22 verbose os Linux 6.8.0-1021-aws
23 verbose node v18.20.5
24 verbose npm  v10.8.2
25 verbose exit -2
26 verbose code -2
27 error A complete log of this run can be found in: /home/ubuntu/.npm/_logs/2025-01-20T16_17_09_169Z-debug-0.log
